<?xml version="1.0" encoding="UTF-8"?>
<!-- Generated by org.testng.reporters.JUnitReportReporter -->
<testsuite hostname="ARPGL002607" failures="0" tests="4" name="sdetRest1day.qqqq" time="4.533" errors="0" timestamp="2023-03-14T14:36:33 IST" skipped="1">
  <testcase classname="sdetRest1day.qqqq" name="createuser" time="3.306"/>
  <system-out/>
  <testcase classname="sdetRest1day.qqqq" name="updateUser" time="0.657"/>
  <system-out/>
  <testcase classname="sdetRest1day.qqqq" name="deleteUser" time="0.570"/>
  <system-out/>
  <testcase classname="sdetRest1day.qqqq" name="getUser">
    <skipped/>
  </testcase> <!-- getUser -->
  <system-out/>
</testsuite> <!-- sdetRest1day.qqqq -->
