<?xml version="1.0" encoding="UTF-8"?>
<!-- Generated by org.testng.reporters.JUnitReportReporter -->
<testsuite hostname="ARPGL002607" failures="0" tests="1" name="day3.cookiesandheader" time="2.382" errors="0" timestamp="2023-03-15T12:35:12 IST" skipped="0">
  <testcase classname="day3.cookiesandheader" name="n5" time="2.382"/>
  <system-out/>
</testsuite> <!-- day3.cookiesandheader -->
