<?xml version="1.0" encoding="UTF-8"?>
<!-- Generated by org.testng.reporters.JUnitReportReporter -->
<testsuite hostname="ARPGL002607" failures="0" tests="1" name="day3.pathandqueryparam" time="2.550" errors="0" timestamp="2023-03-15T12:01:44 IST" skipped="0">
  <testcase classname="day3.pathandqueryparam" name="n3" time="2.550"/>
  <system-out/>
</testsuite> <!-- day3.pathandqueryparam -->
