<?xml version="1.0" encoding="UTF-8"?>
<!-- Generated by org.testng.reporters.JUnitReportReporter -->
<testsuite hostname="ARPGL002607" failures="0" tests="1" name="day7.Authentication" time="12.100" errors="0" timestamp="2023-03-19T15:22:26 IST" skipped="0">
  <testcase classname="day7.Authentication" name="n5" time="12.100"/>
  <system-out/>
</testsuite> <!-- day7.Authentication -->
