<?xml version="1.0" encoding="UTF-8"?>
<!-- Generated by org.testng.reporters.JUnitReportReporter -->
<testsuite hostname="ARPGL002607" failures="0" tests="1" name="day7.fakerdataganarater" time="0.646" errors="0" timestamp="2023-03-19T16:28:23 IST" skipped="0">
  <testcase classname="day7.fakerdataganarater" name="n5" time="0.646"/>
  <system-out/>
</testsuite> <!-- day7.fakerdataganarater -->
