<?xml version="1.0" encoding="UTF-8"?>
<!-- Generated by org.testng.reporters.JUnitReportReporter -->
<testsuite hostname="ARPGL002607" failures="0" tests="1" name="day6.serializationdeserialization" time="0.598" errors="0" timestamp="2023-03-19T14:56:43 IST" skipped="0">
  <testcase classname="day6.serializationdeserialization" name="pojo1" time="0.598"/>
  <system-out/>
</testsuite> <!-- day6.serializationdeserialization -->
